2025-09-26 17:03:53,922 - fastapi_api - INFO - NODE-07: subscription_plan -> list_plans
2025-09-26 17:03:59,711 - fastapi_api - INFO - NODE-07: subscription_plan -> list_plans
2025-09-26 17:04:17,704 - fastapi_api - INFO - NODE-07: subscription_plan -> list_plans
2025-09-26 17:04:19,799 - fastapi_api - INFO - NODE-01: sign_up -> request for arfith2906@gmail.com
2025-09-26 17:08:46,200 - fastapi_api - INFO - NODE-02: user_registration -> verify arfith2906@gmail.com
2025-09-26 17:09:26,556 - fastapi_api - INFO - NODE-03/05: sign_in/user_login_validation -> login attempt arfith2906@gmail.com
2025-09-26 17:10:04,802 - fastapi_api - INFO - NODE-02: user_registration -> verify arfith2906@gmail.com
2025-09-26 17:17:10,691 - fastapi_api - INFO - NODE-07: subscription_plan -> list_plans
2025-09-26 17:17:27,456 - fastapi_api - INFO - NODE-07: subscription_plan -> list_plans
2025-09-26 17:17:29,521 - fastapi_api - INFO - NODE-01: sign_up -> request for arfith2906@gmail.com
2025-09-26 17:18:25,862 - fastapi_api - INFO - NODE-07: subscription_plan -> list_plans
2025-09-26 17:18:34,368 - fastapi_api - INFO - NODE-03/05: sign_in/user_login_validation -> login attempt arfith2906@gmail.com
2025-09-26 17:23:59,805 - fastapi_api - INFO - NODE-07: subscription_plan -> list_plans
2025-09-26 17:24:04,180 - fastapi_api - INFO - NODE-07: subscription_plan -> list_plans
2025-09-26 17:24:41,816 - fastapi_api - INFO - NODE-07: subscription_plan -> list_plans
2025-09-26 17:24:43,875 - fastapi_api - INFO - NODE-01: sign_up -> request for arfith2906@gmail.com
2025-09-26 17:25:06,561 - fastapi_api - INFO - NODE-02: user_registration -> verify arfith2906@gmail.com
2025-09-26 17:28:13,693 - fastapi_api - INFO - NODE-02: user_registration -> verify arfith2906@gmail.com
2025-09-26 17:32:15,298 - fastapi_api - INFO - NODE-07: subscription_plan -> list_plans
2025-09-26 17:32:19,901 - fastapi_api - INFO - NODE-07: subscription_plan -> list_plans
2025-09-26 17:32:37,228 - fastapi_api - INFO - NODE-07: subscription_plan -> list_plans
2025-09-26 17:32:39,299 - fastapi_api - INFO - NODE-01: sign_up -> request for arfith2906@gmail.com
2025-09-26 17:32:59,567 - fastapi_api - INFO - NODE-02: user_registration -> verify arfith2906@gmail.com
2025-09-26 17:33:10,443 - fastapi_api - INFO - NODE-03/05: sign_in/user_login_validation -> login attempt arfith2906@gmail.com
2025-09-26 17:33:12,529 - fastapi_api - INFO - NODE-06/08: subscription_validation/subscribed -> get sub for 68d680df6329a50d0c69d32b
2025-09-26 17:33:14,592 - fastapi_api - INFO - NODE-09: user_selection -> usage for 68d680df6329a50d0c69d32b
2025-09-26 17:33:19,582 - fastapi_api - INFO - NODE-06/08: subscription_validation/subscribed -> get sub for 68d680df6329a50d0c69d32b
2025-09-26 17:33:21,658 - fastapi_api - INFO - NODE-09: user_selection -> usage for 68d680df6329a50d0c69d32b
2025-09-26 17:33:35,822 - fastapi_api - INFO - NODE-06/08: subscription_validation/subscribed -> get sub for 68d680df6329a50d0c69d32b
2025-09-26 17:33:37,904 - fastapi_api - INFO - NODE-09: user_selection -> usage for 68d680df6329a50d0c69d32b
2025-09-26 17:34:02,712 - fastapi_api - INFO - NODE-06/08: subscription_validation/subscribed -> get sub for 68d680df6329a50d0c69d32b
2025-09-26 17:34:04,777 - fastapi_api - INFO - NODE-09: user_selection -> usage for 68d680df6329a50d0c69d32b
2025-09-26 17:34:19,886 - fastapi_api - INFO - NODE-10/11: feature -> image for 68d680df6329a50d0c69d32b
2025-09-26 17:34:33,256 - fastapi_api - INFO - NODE-06/08: subscription_validation/subscribed -> get sub for 68d680df6329a50d0c69d32b
2025-09-26 17:34:35,325 - fastapi_api - INFO - NODE-09: user_selection -> usage for 68d680df6329a50d0c69d32b
2025-09-26 17:34:36,516 - fastapi_api - INFO - NODE-08: subscribed -> logout user_id=68d680df6329a50d0c69d32b
2025-09-26 17:36:07,396 - fastapi_api - INFO - NODE-07: subscription_plan -> list_plans
2025-09-26 17:36:46,473 - fastapi_api - INFO - NODE-07: subscription_plan -> list_plans
2025-09-26 17:36:48,557 - fastapi_api - INFO - NODE-01: sign_up -> request for rithikgithub03@gmail.com
2025-09-26 17:37:14,781 - fastapi_api - INFO - NODE-02: user_registration -> verify rithikgithub03@gmail.com
2025-09-26 17:37:33,936 - fastapi_api - INFO - NODE-03/05: sign_in/user_login_validation -> login attempt 9876543210
2025-09-26 17:37:36,046 - fastapi_api - INFO - NODE-06/08: subscription_validation/subscribed -> get sub for 68d681d86329a50d0c69d32d
2025-09-26 17:37:38,089 - fastapi_api - INFO - NODE-09: user_selection -> usage for 68d681d86329a50d0c69d32d
2025-09-26 17:37:47,330 - fastapi_api - INFO - NODE-06/08: subscription_validation/subscribed -> get sub for 68d681d86329a50d0c69d32d
2025-09-26 17:37:49,380 - fastapi_api - INFO - NODE-09: user_selection -> usage for 68d681d86329a50d0c69d32d
2025-09-26 17:38:02,273 - fastapi_api - INFO - NODE-10/11: feature -> image for 68d681d86329a50d0c69d32d
2025-09-26 17:38:12,250 - fastapi_api - INFO - NODE-10/11: feature -> image for 68d681d86329a50d0c69d32d
2025-09-26 17:38:30,648 - fastapi_api - INFO - NODE-10/11: feature -> report for 68d681d86329a50d0c69d32d
2025-09-26 17:38:36,554 - fastapi_api - INFO - NODE-06/08: subscription_validation/subscribed -> get sub for 68d681d86329a50d0c69d32d
2025-09-26 17:38:38,638 - fastapi_api - INFO - NODE-09: user_selection -> usage for 68d681d86329a50d0c69d32d
2025-09-26 17:38:52,136 - fastapi_api - INFO - NODE-06/08: subscription_validation/subscribed -> get sub for 68d681d86329a50d0c69d32d
2025-09-26 17:38:54,215 - fastapi_api - INFO - NODE-09: user_selection -> usage for 68d681d86329a50d0c69d32d
2025-09-26 17:38:56,333 - fastapi_api - INFO - NODE-06/08: subscription_validation/subscribed -> get sub for 68d681d86329a50d0c69d32d
2025-09-26 17:38:58,394 - fastapi_api - INFO - NODE-07: subscription_plan -> list_plans
2025-09-26 17:39:03,439 - fastapi_api - INFO - NODE-06/08: subscription_validation/subscribed -> get sub for 68d681d86329a50d0c69d32d
2025-09-26 17:39:05,474 - fastapi_api - INFO - NODE-07: subscription_plan -> list_plans
2025-09-26 17:39:07,555 - fastapi_api - INFO - NODE-07: subscription_plan -> upgrade user=68d681d86329a50d0c69d32d plan=pro
2025-09-26 17:39:09,654 - fastapi_api - INFO - NODE-06/08: subscription_validation/subscribed -> get sub for 68d681d86329a50d0c69d32d
2025-09-26 17:39:11,735 - fastapi_api - INFO - NODE-09: user_selection -> usage for 68d681d86329a50d0c69d32d
2025-09-26 17:39:50,162 - fastapi_api - INFO - NODE-08: subscribed -> logout user_id=68d681d86329a50d0c69d32d
2025-09-26 17:40:01,624 - fastapi_api - INFO - NODE-03/05: sign_in/user_login_validation -> login attempt arfith2906@gmail.com
2025-09-26 17:40:03,724 - fastapi_api - INFO - NODE-06/08: subscription_validation/subscribed -> get sub for 68d680df6329a50d0c69d32b
2025-09-26 17:40:05,799 - fastapi_api - INFO - NODE-09: user_selection -> usage for 68d680df6329a50d0c69d32b
2025-09-26 17:40:13,374 - fastapi_api - INFO - NODE-06/08: subscription_validation/subscribed -> get sub for 68d680df6329a50d0c69d32b
2025-09-26 17:40:15,457 - fastapi_api - INFO - NODE-09: user_selection -> usage for 68d680df6329a50d0c69d32b
2025-09-26 17:40:17,559 - fastapi_api - INFO - NODE-09: user_selection -> usage for 68d680df6329a50d0c69d32b
2025-09-26 17:40:25,453 - fastapi_api - INFO - NODE-09: user_selection -> usage for 68d680df6329a50d0c69d32b
2025-09-26 17:40:27,565 - fastapi_api - INFO - NODE-06/08: subscription_validation/subscribed -> get sub for 68d680df6329a50d0c69d32b
2025-09-26 17:40:29,623 - fastapi_api - INFO - NODE-09: user_selection -> usage for 68d680df6329a50d0c69d32b
2025-09-26 17:40:32,957 - fastapi_api - INFO - NODE-08: subscribed -> logout user_id=68d680df6329a50d0c69d32b
